# Logfile created on Wed Dec 02 22:09:46 +1300 2009  [4;36;1mSQL (0.1ms)[0m   [0;1mSET client_min_messages TO 'panic'[0m
  [4;35;1mSQL (0.1ms)[0m   [0mSET client_min_messages TO 'notice'[0m
  [4;36;1mSQL (4.1ms)[0m   [0;1mCREATE TABLE "schema_migrations" ("version" character varying(255) NOT NULL) [0m
  [4;35;1mSQL (1.9ms)[0m   [0mCREATE UNIQUE INDEX "unique_schema_migrations" ON "schema_migrations" ("version")[0m
  [4;36;1mSQL (0.2ms)[0m   [0;1mSELECT version FROM schema_migrations[0m
Migrating to CreateClients (20091127004154)
  [4;35;1mSQL (0.1ms)[0m   [0mBEGIN[0m
  [4;36;1mSQL (18.9ms)[0m   [0;1mCREATE TABLE "clients" ("id" serial primary key, "email" character varying(255), "created_at" timestamp, "updated_at" timestamp) [0m
  [4;35;1mSQL (0.7ms)[0m   [0mINSERT INTO schema_migrations (version) VALUES ('20091127004154')[0m
  [4;36;1mSQL (0.6ms)[0m   [0;1mCOMMIT[0m
Migrating to CreateBookings (20091127004622)
  [4;35;1mSQL (0.8ms)[0m   [0mBEGIN[0m
  [4;36;1mSQL (3.0ms)[0m   [0;1mCREATE TABLE "bookings" ("id" serial primary key, "starts_at" timestamp, "ends_at" timestamp, "name" character varying(255), "client_id" integer, "created_at" timestamp, "updated_at" timestamp) [0m
  [4;35;1mSQL (0.2ms)[0m   [0mINSERT INTO schema_migrations (version) VALUES ('20091127004622')[0m
  [4;36;1mSQL (0.7ms)[0m   [0;1mCOMMIT[0m
  [4;35;1mSQL (0.2ms)[0m   [0mSELECT version FROM schema_migrations[0m
  [4;36;1mSQL (0.2ms)[0m   [0;1mSET client_min_messages TO 'panic'[0m
  [4;35;1mSQL (0.1ms)[0m   [0mSET client_min_messages TO 'notice'[0m
  [4;36;1mSQL (0.4ms)[0m   [0;1mSELECT version FROM schema_migrations[0m
Migrating to CreateClients (20091127004154)
Migrating to CreateBookings (20091127004622)
Migrating to AddQaToClients (20091202091711)
  [4;35;1mSQL (0.1ms)[0m   [0mBEGIN[0m
  [4;36;1mSQL (5.2ms)[0m   [0;1mALTER TABLE "clients" ADD COLUMN "question" character varying(500)[0m
  [4;35;1mSQL (0.3ms)[0m   [0mALTER TABLE "clients" ADD COLUMN "answer" character varying(255)[0m
  [4;36;1mSQL (0.5ms)[0m   [0;1mINSERT INTO schema_migrations (version) VALUES ('20091202091711')[0m
  [4;35;1mSQL (0.9ms)[0m   [0mCOMMIT[0m
  [4;36;1mSQL (0.1ms)[0m   [0;1mSELECT version FROM schema_migrations[0m
  [4;36;1mSQL (0.1ms)[0m   [0;1mSET client_min_messages TO 'panic'[0m
  [4;35;1mSQL (0.1ms)[0m   [0mSET client_min_messages TO 'notice'[0m
  [4;36;1mSQL (0.1ms)[0m   [0;1mSET client_min_messages TO 'panic'[0m
  [4;35;1mSQL (0.1ms)[0m   [0mSET client_min_messages TO 'notice'[0m


Processing ClientsController#new (for 127.0.0.1 at 2009-12-02 22:44:47) [GET]
Rendering template within layouts/application
Rendering clients/new
Rendered clients/_form (86.4ms)
Completed in 152ms (View: 143, DB: 0) | 200 OK [http://localhost/clients/new]
  [4;36;1mSQL (0.1ms)[0m   [0;1mSET client_min_messages TO 'panic'[0m
  [4;35;1mSQL (0.1ms)[0m   [0mSET client_min_messages TO 'notice'[0m


Processing ClientsController#new (for 127.0.0.1 at 2009-12-02 22:46:39) [GET]
Rendering template within layouts/application
Rendering clients/new
Rendered clients/_form (3.5ms)
Completed in 17ms (View: 9, DB: 0) | 200 OK [http://localhost/clients/new]
  [4;36;1mSQL (0.1ms)[0m   [0;1mSET client_min_messages TO 'panic'[0m
  [4;35;1mSQL (0.1ms)[0m   [0mSET client_min_messages TO 'notice'[0m


Processing ClientsController#create (for 127.0.0.1 at 2009-12-02 22:47:06) [POST]
  Parameters: {"commit"=>"Submit", "authenticity_token"=>"XAIaXps3bw3bYeoe3chZJgQ8IxTA2uYCQi/1I5aHrZA=", "client"=>{"question"=>"What was the name of your first pet?", "answer"=>"Maddy", "email"=>"cbonnet@gmail.com"}}
WARNING: Can't mass-assign these protected attributes: question, answer
  [4;36;1mSQL (0.1ms)[0m   [0;1mBEGIN[0m
  [4;35;1mSQL (60.0ms)[0m   [0mINSERT INTO "clients" ("created_at", "updated_at", "question", "email", "answer") VALUES('2009-12-02 09:47:06.900603', '2009-12-02 09:47:06.900603', NULL, E'cbonnet@gmail.com', NULL) RETURNING "id"[0m
  [4;36;1mSQL (0.7ms)[0m   [0;1mCOMMIT[0m
Redirected to http://localhost:3000/clients/1
Completed in 76ms (DB: 61) | 302 Found [http://localhost/clients]
  [4;35;1mSQL (0.1ms)[0m   [0mSET client_min_messages TO 'panic'[0m
  [4;36;1mSQL (0.1ms)[0m   [0;1mSET client_min_messages TO 'notice'[0m


Processing ClientsController#show (for 127.0.0.1 at 2009-12-02 22:47:06) [GET]
  Parameters: {"id"=>"1"}
  [4;35;1mClient Load (0.7ms)[0m   [0mSELECT * FROM "clients" WHERE ("clients"."id" = 1) [0m
Rendering template within layouts/application
Rendering clients/show
Completed in 16ms (View: 6, DB: 1) | 200 OK [http://localhost/clients/1]
  [4;36;1mSQL (0.1ms)[0m   [0;1mSET client_min_messages TO 'panic'[0m
  [4;35;1mSQL (0.2ms)[0m   [0mSET client_min_messages TO 'notice'[0m


Processing ClientsController#show (for 127.0.0.1 at 2009-12-02 22:48:45) [GET]
  Parameters: {"id"=>"1"}
  [4;36;1mClient Load (0.6ms)[0m   [0;1mSELECT * FROM "clients" WHERE ("clients"."id" = 1) [0m
Rendering template within layouts/application
Rendering clients/show
Completed in 15ms (View: 5, DB: 1) | 200 OK [http://localhost/clients/1]
